<?xml version="1.0" encoding="UTF-8"?>
<Site BuildName="(empty)"
	BuildStamp="20231230-1210-Experimental"
	Name="irp2023"
	Generator="ctest-3.16.3"
	CompilerName="/usr/bin/c++"
	CompilerVersion="9.4.0"
	OSName="Linux"
	Hostname="irp2023"
	OSRelease="4.9.140-tegra"
	OSVersion="#1 SMP PREEMPT Mon Dec 9 22:47:42 PST 2019"
	OSPlatform="aarch64"
	Is64Bits="1"
	VendorString=""
	VendorID="Unknown Manufacturer"
	FamilyID="8"
	ModelID="0"
	ProcessorCacheSize="0"
	NumberOfLogicalCPU="4"
	NumberOfPhysicalCPU="1"
	TotalVirtualMemory="1981"
	TotalPhysicalMemory="3963"
	LogicalProcessorsPerPhysical="4"
	ProcessorClockFrequency="0"
	>
	<Testing>
		<StartDateTime>Dec 30 20:31 IST</StartDateTime>
		<StartTestTime>1703948481</StartTestTime>
		<TestList/>
		<EndDateTime>Dec 30 20:31 IST</EndDateTime>
		<EndTestTime>1703948481</EndTestTime>
		<ElapsedMinutes>0</ElapsedMinutes>
	</Testing>
</Site>
